#
# There is insufficient memory for the Java Runtime Environment to continue.
# Native memory allocation (malloc) failed to allocate 1048576 bytes for AllocateHeap
# Possible reasons:
#   The system is out of physical RAM or swap space
#   The process is running with CompressedOops enabled, and the Java Heap may be blocking the growth of the native heap
# Possible solutions:
#   Reduce memory load on the system
#   Increase physical memory or swap space
#   Check if swap backing store is full
#   Decrease Java heap size (-Xmx/-Xms)
#   Decrease number of Java threads
#   Decrease Java thread stack sizes (-Xss)
#   Set larger code cache with -XX:ReservedCodeCacheSize=
#   JVM is running with Zero Based Compressed Oops mode in which the Java heap is
#     placed in the first 32GB address space. The Java Heap base address is the
#     maximum limit for the native heap growth. Please use -XX:HeapBaseMinAddress
#     to set the Java Heap base and to place the Java Heap above 32GB virtual address.
# This output file may be truncated or incomplete.
#
#  Out of Memory Error (memory/allocation.inline.hpp:61), pid=10588, tid=0x0000000000004090
#
# JRE version:  (8.0_301-b09) (build )
# Java VM: Java HotSpot(TM) 64-Bit Server VM (25.301-b09 mixed mode windows-amd64 compressed oops)
# Failed to write core dump. Minidumps are not enabled by default on client versions of Windows
#

---------------  T H R E A D  ---------------

Current thread (0x0000023f208dc000):  JavaThread "Unknown thread" [_thread_in_vm, id=16528, stack(0x000000720c600000,0x000000720c700000)]

Stack: [0x000000720c600000,0x000000720c700000]
Native frames: (J=compiled Java code, j=interpreted, Vv=VM code, C=native code)
V  [jvm.dll+0x32ed79]
V  [jvm.dll+0x275722]
V  [jvm.dll+0x2763cd]
V  [jvm.dll+0x26ce05]
V  [jvm.dll+0x509d]
V  [jvm.dll+0x3c9fec]
V  [jvm.dll+0x3c6367]
V  [jvm.dll+0xfcdcf]
V  [jvm.dll+0x20a0bb]
V  [jvm.dll+0x238ae7]
V  [jvm.dll+0x162876]
C  [java.exe+0x2312]
C  [java.exe+0x15f54]
C  [KERNEL32.DLL+0x17034]
C  [ntdll.dll+0x52651]


---------------  P R O C E S S  ---------------

Java Threads: ( => current thread )

Other Threads:

=>0x0000023f208dc000 (exited) JavaThread "Unknown thread" [_thread_in_vm, id=16528, stack(0x000000720c600000,0x000000720c700000)]

VM state:not at safepoint (normal execution)

VM Mutex/Monitor currently owned by a thread: None

heap address: 0x00000006c4a00000, size: 4022 MB, Compressed Oops mode: Zero based, Oop shift amount: 3
Narrow klass base: 0x0000000000000000, Narrow klass shift: 3
Compressed class space size: 1073741824 Address: 0x00000007c0000000

Heap:
 PSYoungGen      total 75264K, used 1290K [0x000000076c380000, 0x0000000771780000, 0x00000007c0000000)
  eden space 64512K, 2% used [0x000000076c380000,0x000000076c4c2900,0x0000000770280000)
  from space 10752K, 0% used [0x0000000770d00000,0x0000000770d00000,0x0000000771780000)
  to   space 10752K, 0% used [0x0000000770280000,0x0000000770280000,0x0000000770d00000)
 ParOldGen       total 172032K, used 0K [0x00000006c4a00000, 0x00000006cf200000, 0x000000076c380000)
  object space 172032K, 0% used [0x00000006c4a00000,0x00000006c4a00000,0x00000006cf200000)
 Metaspace       used 792K, capacity 1156K, committed 1408K, reserved 1060864K
  class space    used 76K, capacity 384K, committed 384K, reserved 1048576K

Card table byte_map: [0x0000023f31a10000,0x0000023f321f0000] byte_map_base: 0x0000023f2e3eb000

Marking Bits: (ParMarkBitMap*) 0x000000006acc7fe0
 Begin Bits: [0x0000023f32730000, 0x0000023f36608000)
 End Bits:   [0x0000023f36608000, 0x0000023f3a4e0000)

Polling page: 0x0000023f20870000

CodeCache: size=245760Kb used=328Kb max_used=328Kb free=245431Kb
 bounds [0x0000023f22650000, 0x0000023f228c0000, 0x0000023f31650000]
 total_blobs=58 nmethods=0 adapters=38
 compilation: enabled

Compilation events (0 events):
No events

GC Heap History (0 events):
No events

Deoptimization events (0 events):
No events

Classes redefined (0 events):
No events

Internal exceptions (0 events):
No events

Events (10 events):
Event: 0.023 loading class java/lang/Short
Event: 0.023 loading class java/lang/Short done
Event: 0.023 loading class java/lang/Integer
Event: 0.023 loading class java/lang/Integer done
Event: 0.023 loading class java/lang/Long
Event: 0.023 loading class java/lang/Long done
Event: 0.023 loading class java/lang/NullPointerException
Event: 0.023 loading class java/lang/NullPointerException done
Event: 0.023 loading class java/lang/ArithmeticException
Event: 0.024 loading class java/lang/ArithmeticException done


Dynamic libraries:
0x00007ff7d34d0000 - 0x00007ff7d3517000 	C:\Users\think\Documents\WeChat Files\weiboliman9640\FileStorage\MsgAttach\397540cb58a02d11695bd070aaf24195\File\2022-06\jdk1.8.0_301\bin\java.exe
0x00007ff9ce950000 - 0x00007ff9ceb47000 	C:\windows\SYSTEM32\ntdll.dll
0x00007ff9cd8f0000 - 0x00007ff9cd9ad000 	C:\windows\System32\KERNEL32.DLL
0x00007ff9cc290000 - 0x00007ff9cc55d000 	C:\windows\System32\KERNELBASE.dll
0x00007ff9cdd30000 - 0x00007ff9cddde000 	C:\windows\System32\ADVAPI32.dll
0x00007ff9cd540000 - 0x00007ff9cd5de000 	C:\windows\System32\msvcrt.dll
0x00007ff9ce870000 - 0x00007ff9ce90c000 	C:\windows\System32\sechost.dll
0x00007ff9ccb60000 - 0x00007ff9ccc85000 	C:\windows\System32\RPCRT4.dll
0x00007ff9cdde0000 - 0x00007ff9cdf80000 	C:\windows\System32\USER32.dll
0x00007ff9cc6c0000 - 0x00007ff9cc6e2000 	C:\windows\System32\win32u.dll
0x00007ff9cda10000 - 0x00007ff9cda3a000 	C:\windows\System32\GDI32.dll
0x00007ff9cc180000 - 0x00007ff9cc28b000 	C:\windows\System32\gdi32full.dll
0x00007ff9cc070000 - 0x00007ff9cc10d000 	C:\windows\System32\msvcp_win.dll
0x00007ff9cc7b0000 - 0x00007ff9cc8b0000 	C:\windows\System32\ucrtbase.dll
0x00007ff9a3b00000 - 0x00007ff9a3d9a000 	C:\windows\WinSxS\amd64_microsoft.windows.common-controls_6595b64144ccf1df_6.0.19041.1110_none_60b5254171f9507e\COMCTL32.dll
0x00007ff9cdad0000 - 0x00007ff9cdb00000 	C:\windows\System32\IMM32.DLL
0x000000006c2a0000 - 0x000000006c2ac000 	C:\Program Files (x86)\360\360Safe\safemon\SafeWrapper.dll
0x00007ff9b72b0000 - 0x00007ff9b7346000 	C:\Program Files (x86)\360\360Safe\safemon\libzdtp64.dll
0x00007ff9ccd40000 - 0x00007ff9cd484000 	C:\windows\System32\SHELL32.dll
0x00007ff9cdc50000 - 0x00007ff9cdca5000 	C:\windows\System32\SHLWAPI.dll
0x00007ff9cbc00000 - 0x00007ff9cbc0a000 	C:\windows\SYSTEM32\VERSION.dll
0x00007ff9c92b0000 - 0x00007ff9c92c5000 	C:\Users\think\Documents\WeChat Files\weiboliman9640\FileStorage\MsgAttach\397540cb58a02d11695bd070aaf24195\File\2022-06\jdk1.8.0_301\jre\bin\vcruntime140.dll
0x00007ff9c0b00000 - 0x00007ff9c0b9b000 	C:\Users\think\Documents\WeChat Files\weiboliman9640\FileStorage\MsgAttach\397540cb58a02d11695bd070aaf24195\File\2022-06\jdk1.8.0_301\jre\bin\msvcp140.dll
0x000000006a4e0000 - 0x000000006ad40000 	C:\Users\think\Documents\WeChat Files\weiboliman9640\FileStorage\MsgAttach\397540cb58a02d11695bd070aaf24195\File\2022-06\jdk1.8.0_301\jre\bin\server\jvm.dll
0x00007ff9cd730000 - 0x00007ff9cd738000 	C:\windows\System32\PSAPI.DLL
0x00007ff9a87f0000 - 0x00007ff9a8817000 	C:\windows\SYSTEM32\WINMM.dll
0x00007ff9c9300000 - 0x00007ff9c9309000 	C:\windows\SYSTEM32\WSOCK32.dll
0x00007ff9cdb00000 - 0x00007ff9cdb6b000 	C:\windows\System32\WS2_32.dll
0x00007ff9ca890000 - 0x00007ff9ca8a2000 	C:\windows\SYSTEM32\kernel.appcore.dll
0x00007ff9c1f80000 - 0x00007ff9c1f90000 	C:\Users\think\Documents\WeChat Files\weiboliman9640\FileStorage\MsgAttach\397540cb58a02d11695bd070aaf24195\File\2022-06\jdk1.8.0_301\jre\bin\verify.dll
0x00007ff9c1f50000 - 0x00007ff9c1f7b000 	C:\Users\think\Documents\WeChat Files\weiboliman9640\FileStorage\MsgAttach\397540cb58a02d11695bd070aaf24195\File\2022-06\jdk1.8.0_301\jre\bin\java.dll
0x00007ff9c1f30000 - 0x00007ff9c1f48000 	C:\Users\think\Documents\WeChat Files\weiboliman9640\FileStorage\MsgAttach\397540cb58a02d11695bd070aaf24195\File\2022-06\jdk1.8.0_301\jre\bin\zip.dll
0x00007ff9ca590000 - 0x00007ff9ca774000 	C:\windows\SYSTEM32\dbghelp.dll
0x00007ff9cc6f0000 - 0x00007ff9cc772000 	C:\windows\System32\bcryptPrimitives.dll

VM Arguments:
jvm_args: -Dfile.encoding=UTF-8 
java_command: com.remote.client.LoginView
java_class_path (initial): C:\Users\think\Documents\GitHub\DS_Project_RMIChatRoom\chat_rmi_java-master\chat_rmi_java-master\chatClient\build\classes
Launcher Type: SUN_STANDARD

Environment Variables:
PATH=C:\Program Files (x86)\VMware\VMware Workstation\bin\;C:\Program Files\Common Files\Oracle\Java\javapath;C:\Windows\system32;C:\Windows;C:\Windows\System32\Wbem;C:\Windows\System32\WindowsPowerShell\v1.0\;C:\Windows\System32\OpenSSH\;C:\Program Files (x86)\NVIDIA Corporation\PhysX\Common;C:\Program Files\NVIDIA Corporation\NVIDIA NvDLISR;C:\Program Files\Polyspace\R2020a\bin;C:\Program Files\dotnet\;C:\Program Files\Microsoft SQL Server\Client SDK\ODBC\170\Tools\Binn\;C:\Program Files (x86)\Microsoft SQL Server\150\Tools\Binn\;C:\Program Files\Microsoft SQL Server\150\Tools\Binn\;C:\Program Files\Microsoft SQL Server\150\DTS\Binn\;C:\Users\think\AppData\Local\Microsoft\WindowsApps;C:\Users\think\.dotnet\tools;C:\Users\think\AppData\Local\GitHubDesktop\bin
USERNAME=think
OS=Windows_NT
PROCESSOR_IDENTIFIER=Intel64 Family 6 Model 140 Stepping 1, GenuineIntel



---------------  S Y S T E M  ---------------

OS: Windows 10.0 , 64 bit Build 19041 (10.0.19041.1741)

CPU:total 8 (initial active 8) (4 cores per cpu, 2 threads per core) family 6 model 140 stepping 1, cmov, cx8, fxsr, mmx, sse, sse2, sse3, ssse3, sse4.1, sse4.2, popcnt, avx, avx2, aes, clmul, erms, 3dnowpref, lzcnt, ht, tsc, tscinvbit, bmi1, bmi2, adx

Memory: 4k page, physical 16468084k(4286808k free), swap 16468084k(7312k free)

vm_info: Java HotSpot(TM) 64-Bit Server VM (25.301-b09) for windows-amd64 JRE (1.8.0_301-b09), built on Jun  9 2021 06:46:21 by "java_re" with MS VC++ 15.9 (VS2017)

time: Sat Jun 25 01:06:30 2022
timezone: 中国标准时间
elapsed time: 0.044882 seconds (0d 0h 0m 0s)

